<?xml version="1.0" encoding="utf-8"?>
<coverage line-rate="0.8906000000000001" branch-rate="0.8637999999999999" version="1.9" timestamp="1660246569" lines-covered="904" lines-valid="1015" branches-covered="222" branches-valid="257">
  <sources>
    <source>E:\QA\Sem2\UserExperienceEvaluation\Project - Pediatrics Chatbot\PediatricsChatbot\AppointmentBot\</source>
  </sources>
  <packages>
    <package name="AppointmentBot" line-rate="0.8906000000000001" branch-rate="0.8637999999999999" complexity="278">
      <classes>
        <class name="AppointmentBot.Appointment" filename="Appointment.cs" line-rate="0.8993000000000001" branch-rate="0.8095" complexity="62">
          <methods>
            <method name="get_Phone" signature="()" line-rate="1" branch-rate="1" complexity="1">
              <lines>
                <line number="24" hits="162" branch="False" />
              </lines>
            </method>
            <method name="set_Phone" signature="(System.String)" line-rate="1" branch-rate="1" complexity="1">
              <lines>
                <line number="25" hits="125" branch="False" />
              </lines>
            </method>
            <method name="get_option" signature="()" line-rate="1" branch-rate="1" complexity="1">
              <lines>
                <line number="29" hits="78" branch="False" />
              </lines>
            </method>
            <method name="set_option" signature="(System.String)" line-rate="1" branch-rate="1" complexity="1">
              <lines>
                <line number="30" hits="78" branch="False" />
              </lines>
            </method>
            <method name="get_age" signature="()" line-rate="1" branch-rate="1" complexity="1">
              <lines>
                <line number="34" hits="133" branch="False" />
              </lines>
            </method>
            <method name="set_age" signature="(System.String)" line-rate="1" branch-rate="1" complexity="1">
              <lines>
                <line number="35" hits="75" branch="False" />
              </lines>
            </method>
            <method name="get_patientName" signature="()" line-rate="1" branch-rate="1" complexity="1">
              <lines>
                <line number="39" hits="242" branch="False" />
              </lines>
            </method>
            <method name="set_patientName" signature="(System.String)" line-rate="1" branch-rate="1" complexity="1">
              <lines>
                <line number="40" hits="105" branch="False" />
              </lines>
            </method>
            <method name="get_reason" signature="()" line-rate="1" branch-rate="1" complexity="1">
              <lines>
                <line number="44" hits="96" branch="False" />
              </lines>
            </method>
            <method name="set_reason" signature="(System.String)" line-rate="1" branch-rate="1" complexity="1">
              <lines>
                <line number="45" hits="75" branch="False" />
              </lines>
            </method>
            <method name="get_appDay" signature="()" line-rate="1" branch-rate="1" complexity="1">
              <lines>
                <line number="49" hits="13266" branch="False" />
              </lines>
            </method>
            <method name="set_appDay" signature="(System.Int32)" line-rate="1" branch-rate="1" complexity="1">
              <lines>
                <line number="50" hits="83" branch="False" />
              </lines>
            </method>
            <method name="get_appTime" signature="()" line-rate="1" branch-rate="1" complexity="1">
              <lines>
                <line number="54" hits="99" branch="False" />
              </lines>
            </method>
            <method name="set_appTime" signature="(System.String)" line-rate="1" branch-rate="1" complexity="1">
              <lines>
                <line number="55" hits="73" branch="False" />
              </lines>
            </method>
            <method name="get_appDate" signature="()" line-rate="1" branch-rate="1" complexity="1">
              <lines>
                <line number="58" hits="127" branch="False" />
              </lines>
            </method>
            <method name="set_appDate" signature="(System.String)" line-rate="1" branch-rate="1" complexity="1">
              <lines>
                <line number="59" hits="77" branch="False" />
              </lines>
            </method>
            <method name="get_referenceId" signature="()" line-rate="1" branch-rate="1" complexity="1">
              <lines>
                <line number="63" hits="116" branch="False" />
              </lines>
            </method>
            <method name="set_referenceId" signature="(System.String)" line-rate="1" branch-rate="1" complexity="1">
              <lines>
                <line number="64" hits="78" branch="False" />
              </lines>
            </method>
            <method name="saveAppointmentInfo" signature="()" line-rate="1" branch-rate="1" complexity="2">
              <lines>
                <line number="68" hits="23" branch="False" />
                <line number="70" hits="23" branch="False" />
                <line number="71" hits="23" branch="False" />
                <line number="72" hits="23" branch="False" />
                <line number="73" hits="23" branch="False" />
                <line number="74" hits="23" branch="False" />
                <line number="75" hits="23" branch="False" />
                <line number="76" hits="23" branch="False" />
                <line number="77" hits="23" branch="False" />
                <line number="78" hits="23" branch="False" />
                <line number="79" hits="23" branch="False" />
                <line number="80" hits="23" branch="False" />
                <line number="81" hits="46" branch="True" condition-coverage="100% (2/2)">
                  <conditions>
                    <condition number="149" type="jump" coverage="100%" />
                  </conditions>
                </line>
                <line number="82" hits="23" branch="False" />
                <line number="83" hits="23" branch="False" />
                <line number="84" hits="23" branch="False" />
                <line number="85" hits="23" branch="False" />
                <line number="86" hits="23" branch="False" />
                <line number="87" hits="23" branch="False" />
                <line number="88" hits="23" branch="False" />
                <line number="89" hits="23" branch="False" />
                <line number="90" hits="23" branch="False" />
                <line number="91" hits="23" branch="False" />
                <line number="92" hits="23" branch="False" />
                <line number="93" hits="23" branch="False" />
                <line number="94" hits="23" branch="False" />
                <line number="95" hits="23" branch="False" />
                <line number="96" hits="23" branch="False" />
                <line number="97" hits="23" branch="False" />
                <line number="98" hits="23" branch="False" />
                <line number="100" hits="23" branch="False" />
              </lines>
            </method>
            <method name="viewAppointmentInfoByName" signature="()" line-rate="1" branch-rate="1" complexity="2">
              <lines>
                <line number="103" hits="18" branch="False" />
                <line number="104" hits="18" branch="False" />
                <line number="105" hits="18" branch="False" />
                <line number="106" hits="18" branch="False" />
                <line number="108" hits="18" branch="False" />
                <line number="109" hits="18" branch="False" />
                <line number="110" hits="18" branch="False" />
                <line number="111" hits="18" branch="False" />
                <line number="112" hits="18" branch="False" />
                <line number="113" hits="18" branch="False" />
                <line number="114" hits="18" branch="False" />
                <line number="115" hits="18" branch="False" />
                <line number="116" hits="18" branch="False" />
                <line number="117" hits="18" branch="False" />
                <line number="118" hits="18" branch="False" />
                <line number="120" hits="18" branch="False" />
                <line number="121" hits="18" branch="False" />
                <line number="122" hits="36" branch="True" condition-coverage="100% (2/2)">
                  <conditions>
                    <condition number="224" type="jump" coverage="100%" />
                  </conditions>
                </line>
                <line number="123" hits="18" branch="False" />
                <line number="124" hits="18" branch="False" />
                <line number="125" hits="18" branch="False" />
                <line number="126" hits="18" branch="False" />
                <line number="127" hits="18" branch="False" />
                <line number="128" hits="18" branch="False" />
                <line number="129" hits="18" branch="False" />
                <line number="130" hits="18" branch="False" />
                <line number="131" hits="18" branch="False" />
                <line number="132" hits="18" branch="False" />
                <line number="133" hits="18" branch="False" />
                <line number="134" hits="18" branch="False" />
                <line number="135" hits="18" branch="False" />
                <line number="136" hits="18" branch="False" />
                <line number="137" hits="18" branch="False" />
              </lines>
            </method>
            <method name="viewAppointmentInfoByID" signature="()" line-rate="1" branch-rate="1" complexity="2">
              <lines>
                <line number="141" hits="27" branch="False" />
                <line number="142" hits="27" branch="False" />
                <line number="143" hits="27" branch="False" />
                <line number="144" hits="27" branch="False" />
                <line number="145" hits="27" branch="False" />
                <line number="146" hits="27" branch="False" />
                <line number="147" hits="27" branch="False" />
                <line number="148" hits="27" branch="False" />
                <line number="149" hits="27" branch="False" />
                <line number="150" hits="27" branch="False" />
                <line number="151" hits="27" branch="False" />
                <line number="152" hits="27" branch="False" />
                <line number="153" hits="27" branch="False" />
                <line number="154" hits="27" branch="False" />
                <line number="156" hits="27" branch="False" />
                <line number="157" hits="27" branch="False" />
                <line number="158" hits="54" branch="True" condition-coverage="100% (2/2)">
                  <conditions>
                    <condition number="201" type="jump" coverage="100%" />
                  </conditions>
                </line>
                <line number="159" hits="27" branch="False" />
                <line number="160" hits="27" branch="False" />
                <line number="161" hits="27" branch="False" />
                <line number="162" hits="27" branch="False" />
                <line number="163" hits="27" branch="False" />
                <line number="164" hits="27" branch="False" />
                <line number="165" hits="27" branch="False" />
                <line number="166" hits="27" branch="False" />
                <line number="167" hits="27" branch="False" />
                <line number="168" hits="27" branch="False" />
                <line number="169" hits="27" branch="False" />
                <line number="170" hits="27" branch="False" />
                <line number="171" hits="27" branch="False" />
                <line number="172" hits="27" branch="False" />
                <line number="173" hits="27" branch="False" />
              </lines>
            </method>
            <method name="savePatientInfo" signature="()" line-rate="1" branch-rate="1" complexity="2">
              <lines>
                <line number="177" hits="30" branch="False" />
                <line number="179" hits="30" branch="False" />
                <line number="180" hits="30" branch="False" />
                <line number="182" hits="30" branch="False" />
                <line number="183" hits="30" branch="False" />
                <line number="184" hits="30" branch="False" />
                <line number="186" hits="30" branch="False" />
                <line number="187" hits="30" branch="False" />
                <line number="188" hits="30" branch="False" />
                <line number="189" hits="30" branch="False" />
                <line number="190" hits="30" branch="False" />
                <line number="191" hits="30" branch="False" />
                <line number="192" hits="30" branch="False" />
                <line number="193" hits="30" branch="False" />
                <line number="194" hits="30" branch="False" />
                <line number="195" hits="30" branch="False" />
                <line number="197" hits="30" branch="False" />
                <line number="198" hits="30" branch="True" condition-coverage="100% (2/2)">
                  <conditions>
                    <condition number="148" type="jump" coverage="100%" />
                  </conditions>
                </line>
                <line number="199" hits="30" branch="False" />
                <line number="200" hits="30" branch="False" />
                <line number="201" hits="30" branch="False" />
                <line number="202" hits="30" branch="False" />
                <line number="203" hits="30" branch="False" />
                <line number="204" hits="30" branch="False" />
                <line number="205" hits="30" branch="False" />
                <line number="206" hits="30" branch="False" />
                <line number="207" hits="30" branch="False" />
                <line number="208" hits="30" branch="False" />
                <line number="209" hits="30" branch="False" />
                <line number="210" hits="30" branch="False" />
                <line number="211" hits="30" branch="False" />
                <line number="212" hits="30" branch="False" />
                <line number="214" hits="30" branch="False" />
              </lines>
            </method>
            <method name="updateAppointmentInfo" signature="()" line-rate="0.39649999999999996" branch-rate="0.3333" complexity="6">
              <lines>
                <line number="217" hits="3" branch="False" />
                <line number="218" hits="3" branch="True" condition-coverage="50% (1/2)">
                  <conditions>
                    <condition number="17" type="jump" coverage="50%" />
                  </conditions>
                </line>
                <line number="219" hits="3" branch="False" />
                <line number="220" hits="3" branch="False" />
                <line number="221" hits="3" branch="False" />
                <line number="222" hits="3" branch="False" />
                <line number="223" hits="3" branch="False" />
                <line number="224" hits="3" branch="False" />
                <line number="225" hits="3" branch="False" />
                <line number="226" hits="3" branch="False" />
                <line number="227" hits="3" branch="False" />
                <line number="228" hits="3" branch="False" />
                <line number="229" hits="3" branch="False" />
                <line number="230" hits="3" branch="False" />
                <line number="231" hits="3" branch="False" />
                <line number="232" hits="3" branch="False" />
                <line number="233" hits="3" branch="False" />
                <line number="234" hits="3" branch="False" />
                <line number="235" hits="3" branch="False" />
                <line number="236" hits="3" branch="False" />
                <line number="238" hits="3" branch="False" />
                <line number="239" hits="3" branch="False" />
                <line number="240" hits="0" branch="True" condition-coverage="50% (1/2)">
                  <conditions>
                    <condition number="203" type="jump" coverage="50%" />
                  </conditions>
                </line>
                <line number="241" hits="0" branch="False" />
                <line number="242" hits="0" branch="False" />
                <line number="243" hits="0" branch="False" />
                <line number="244" hits="0" branch="False" />
                <line number="245" hits="0" branch="False" />
                <line number="246" hits="0" branch="False" />
                <line number="247" hits="0" branch="False" />
                <line number="248" hits="0" branch="False" />
                <line number="249" hits="0" branch="False" />
                <line number="250" hits="0" branch="False" />
                <line number="251" hits="0" branch="True" condition-coverage="0% (0/2)">
                  <conditions>
                    <condition number="339" type="jump" coverage="0%" />
                  </conditions>
                </line>
                <line number="252" hits="0" branch="False" />
                <line number="253" hits="0" branch="False" />
                <line number="254" hits="0" branch="False" />
                <line number="255" hits="0" branch="False" />
                <line number="256" hits="0" branch="False" />
                <line number="257" hits="0" branch="False" />
                <line number="258" hits="0" branch="False" />
                <line number="259" hits="0" branch="False" />
                <line number="260" hits="0" branch="False" />
                <line number="261" hits="0" branch="False" />
                <line number="262" hits="0" branch="False" />
                <line number="263" hits="0" branch="False" />
                <line number="264" hits="0" branch="False" />
                <line number="265" hits="0" branch="False" />
                <line number="266" hits="0" branch="False" />
                <line number="267" hits="0" branch="False" />
                <line number="268" hits="0" branch="False" />
                <line number="269" hits="0" branch="False" />
                <line number="270" hits="0" branch="False" />
                <line number="271" hits="0" branch="False" />
                <line number="272" hits="0" branch="False" />
                <line number="274" hits="0" branch="False" />
                <line number="275" hits="0" branch="False" />
                <line number="277" hits="3" branch="False" />
              </lines>
            </method>
            <method name="deleteAppointmentInfoByName" signature="()" line-rate="0.8918" branch-rate="0.6666" complexity="6">
              <lines>
                <line number="281" hits="1" branch="False" />
                <line number="282" hits="1" branch="False" />
                <line number="283" hits="1" branch="False" />
                <line number="284" hits="1" branch="False" />
                <line number="285" hits="1" branch="False" />
                <line number="286" hits="1" branch="False" />
                <line number="287" hits="1" branch="False" />
                <line number="288" hits="1" branch="False" />
                <line number="290" hits="1" branch="False" />
                <line number="291" hits="1" branch="False" />
                <line number="292" hits="2" branch="True" condition-coverage="100% (2/2)">
                  <conditions>
                    <condition number="118" type="jump" coverage="100%" />
                  </conditions>
                </line>
                <line number="293" hits="1" branch="False" />
                <line number="294" hits="1" branch="False" />
                <line number="295" hits="1" branch="False" />
                <line number="296" hits="1" branch="False" />
                <line number="297" hits="1" branch="True" condition-coverage="50% (1/2)">
                  <conditions>
                    <condition number="149" type="jump" coverage="50%" />
                  </conditions>
                </line>
                <line number="298" hits="0" branch="False" />
                <line number="299" hits="0" branch="False" />
                <line number="302" hits="1" branch="False" />
                <line number="303" hits="1" branch="False" />
                <line number="304" hits="1" branch="False" />
                <line number="305" hits="1" branch="False" />
                <line number="306" hits="1" branch="False" />
                <line number="307" hits="1" branch="False" />
                <line number="308" hits="1" branch="False" />
                <line number="309" hits="1" branch="False" />
                <line number="310" hits="1" branch="False" />
                <line number="311" hits="1" branch="False" />
                <line number="312" hits="1" branch="False" />
                <line number="313" hits="1" branch="False" />
                <line number="314" hits="1" branch="False" />
                <line number="315" hits="1" branch="True" condition-coverage="50% (1/2)">
                  <conditions>
                    <condition number="224" type="jump" coverage="50%" />
                  </conditions>
                </line>
                <line number="316" hits="0" branch="False" />
                <line number="317" hits="0" branch="False" />
                <line number="319" hits="1" branch="False" />
                <line number="320" hits="1" branch="False" />
                <line number="323" hits="1" branch="False" />
              </lines>
            </method>
            <method name="deleteAppointmentInfoByID" signature="()" line-rate="0.8887999999999999" branch-rate="0.5" complexity="2">
              <lines>
                <line number="327" hits="1" branch="False" />
                <line number="328" hits="1" branch="False" />
                <line number="329" hits="1" branch="False" />
                <line number="330" hits="1" branch="False" />
                <line number="331" hits="1" branch="False" />
                <line number="332" hits="1" branch="False" />
                <line number="333" hits="1" branch="False" />
                <line number="334" hits="1" branch="False" />
                <line number="335" hits="1" branch="False" />
                <line number="336" hits="1" branch="False" />
                <line number="337" hits="1" branch="False" />
                <line number="338" hits="1" branch="False" />
                <line number="339" hits="1" branch="True" condition-coverage="50% (1/2)">
                  <conditions>
                    <condition number="78" type="jump" coverage="50%" />
                  </conditions>
                </line>
                <line number="340" hits="0" branch="False" />
                <line number="341" hits="0" branch="False" />
                <line number="343" hits="1" branch="False" />
                <line number="344" hits="1" branch="False" />
                <line number="346" hits="1" branch="False" />
              </lines>
            </method>
            <method name="searchAvailableDay" signature="()" line-rate="1" branch-rate="1" complexity="2">
              <lines>
                <line number="350" hits="36" branch="False" />
                <line number="351" hits="36" branch="False" />
                <line number="352" hits="36" branch="False" />
                <line number="354" hits="36" branch="False" />
                <line number="355" hits="36" branch="False" />
                <line number="356" hits="36" branch="False" />
                <line number="357" hits="36" branch="False" />
                <line number="359" hits="36" branch="False" />
                <line number="360" hits="36" branch="False" />
                <line number="361" hits="36" branch="False" />
                <line number="362" hits="36" branch="False" />
                <line number="363" hits="36" branch="False" />
                <line number="364" hits="36" branch="False" />
                <line number="365" hits="36" branch="False" />
                <line number="366" hits="36" branch="False" />
                <line number="367" hits="36" branch="False" />
                <line number="368" hits="36" branch="False" />
                <line number="369" hits="36" branch="False" />
                <line number="370" hits="248" branch="True" condition-coverage="100% (2/2)">
                  <conditions>
                    <condition number="133" type="jump" coverage="100%" />
                  </conditions>
                </line>
                <line number="371" hits="212" branch="False" />
                <line number="372" hits="212" branch="False" />
                <line number="373" hits="212" branch="False" />
                <line number="374" hits="36" branch="False" />
                <line number="375" hits="36" branch="False" />
                <line number="376" hits="36" branch="False" />
                <line number="377" hits="36" branch="False" />
                <line number="378" hits="36" branch="False" />
              </lines>
            </method>
            <method name="searchAvailableTime" signature="(System.Int32)" line-rate="0.9301999999999999" branch-rate="0.8332999999999999" complexity="6">
              <lines>
                <line number="382" hits="28" branch="False" />
                <line number="384" hits="28" branch="False" />
                <line number="385" hits="28" branch="False" />
                <line number="386" hits="28" branch="False" />
                <line number="387" hits="28" branch="True" condition-coverage="100% (4/4)">
                  <conditions>
                    <condition number="28" type="switch" coverage="100%" />
                  </conditions>
                </line>
                <line number="390" hits="23" branch="False" />
                <line number="391" hits="23" branch="False" />
                <line number="392" hits="23" branch="False" />
                <line number="393" hits="23" branch="False" />
                <line number="394" hits="23" branch="False" />
                <line number="396" hits="4" branch="False" />
                <line number="397" hits="4" branch="False" />
                <line number="398" hits="4" branch="False" />
                <line number="399" hits="4" branch="False" />
                <line number="400" hits="4" branch="False" />
                <line number="402" hits="1" branch="False" />
                <line number="403" hits="1" branch="False" />
                <line number="404" hits="1" branch="False" />
                <line number="405" hits="1" branch="False" />
                <line number="406" hits="1" branch="False" />
                <line number="409" hits="28" branch="False" />
                <line number="410" hits="28" branch="False" />
                <line number="411" hits="28" branch="False" />
                <line number="413" hits="28" branch="False" />
                <line number="414" hits="28" branch="False" />
                <line number="415" hits="28" branch="False" />
                <line number="416" hits="28" branch="False" />
                <line number="417" hits="28" branch="False" />
                <line number="418" hits="28" branch="False" />
                <line number="419" hits="28" branch="False" />
                <line number="420" hits="28" branch="False" />
                <line number="422" hits="28" branch="False" />
                <line number="423" hits="28" branch="False" />
                <line number="424" hits="28" branch="False" />
                <line number="425" hits="28" branch="True" condition-coverage="50% (1/2)">
                  <conditions>
                    <condition number="345" type="jump" coverage="50%" />
                  </conditions>
                </line>
                <line number="426" hits="0" branch="False" />
                <line number="427" hits="0" branch="False" />
                <line number="428" hits="0" branch="False" />
                <line number="429" hits="28" branch="False" />
                <line number="430" hits="28" branch="False" />
                <line number="431" hits="28" branch="False" />
                <line number="432" hits="28" branch="False" />
                <line number="434" hits="28" branch="False" />
              </lines>
            </method>
            <method name="searchAppointmentByName" signature="()" line-rate="1" branch-rate="1" complexity="2">
              <lines>
                <line number="438" hits="60" branch="False" />
                <line number="439" hits="60" branch="False" />
                <line number="440" hits="60" branch="False" />
                <line number="441" hits="60" branch="False" />
                <line number="443" hits="60" branch="False" />
                <line number="444" hits="60" branch="False" />
                <line number="445" hits="60" branch="False" />
                <line number="446" hits="60" branch="False" />
                <line number="447" hits="60" branch="False" />
                <line number="448" hits="60" branch="False" />
                <line number="449" hits="60" branch="False" />
                <line number="450" hits="60" branch="False" />
                <line number="451" hits="60" branch="False" />
                <line number="452" hits="60" branch="False" />
                <line number="453" hits="60" branch="False" />
                <line number="454" hits="60" branch="False" />
                <line number="455" hits="60" branch="True" condition-coverage="100% (2/2)">
                  <conditions>
                    <condition number="110" type="jump" coverage="100%" />
                  </conditions>
                </line>
                <line number="456" hits="15" branch="False" />
                <line number="457" hits="15" branch="False" />
                <line number="459" hits="45" branch="False" />
                <line number="460" hits="45" branch="False" />
                <line number="461" hits="45" branch="False" />
                <line number="463" hits="60" branch="False" />
              </lines>
            </method>
            <method name="getReferenceID" signature="(System.String,System.String)" line-rate="1" branch-rate="1" complexity="2">
              <lines>
                <line number="467" hits="5" branch="False" />
                <line number="468" hits="5" branch="False" />
                <line number="469" hits="5" branch="False" />
                <line number="470" hits="5" branch="False" />
                <line number="472" hits="5" branch="False" />
                <line number="473" hits="5" branch="False" />
                <line number="474" hits="5" branch="False" />
                <line number="475" hits="5" branch="False" />
                <line number="476" hits="5" branch="False" />
                <line number="477" hits="5" branch="False" />
                <line number="478" hits="5" branch="False" />
                <line number="479" hits="5" branch="False" />
                <line number="480" hits="5" branch="False" />
                <line number="481" hits="5" branch="False" />
                <line number="482" hits="5" branch="False" />
                <line number="483" hits="5" branch="False" />
                <line number="484" hits="5" branch="True" condition-coverage="100% (2/2)">
                  <conditions>
                    <condition number="106" type="jump" coverage="100%" />
                  </conditions>
                </line>
                <line number="485" hits="4" branch="False" />
                <line number="486" hits="4" branch="False" />
                <line number="488" hits="1" branch="False" />
                <line number="489" hits="1" branch="False" />
                <line number="490" hits="1" branch="False" />
                <line number="492" hits="5" branch="False" />
              </lines>
            </method>
            <method name="searchByReferenceID" signature="()" line-rate="1" branch-rate="1" complexity="2">
              <lines>
                <line number="495" hits="10" branch="False" />
                <line number="496" hits="10" branch="False" />
                <line number="497" hits="10" branch="False" />
                <line number="498" hits="10" branch="False" />
                <line number="500" hits="10" branch="False" />
                <line number="501" hits="10" branch="False" />
                <line number="502" hits="10" branch="False" />
                <line number="503" hits="10" branch="False" />
                <line number="504" hits="10" branch="False" />
                <line number="505" hits="10" branch="False" />
                <line number="506" hits="10" branch="False" />
                <line number="507" hits="10" branch="False" />
                <line number="508" hits="10" branch="False" />
                <line number="509" hits="10" branch="False" />
                <line number="510" hits="10" branch="False" />
                <line number="511" hits="10" branch="True" condition-coverage="100% (2/2)">
                  <conditions>
                    <condition number="87" type="jump" coverage="100%" />
                  </conditions>
                </line>
                <line number="512" hits="4" branch="False" />
                <line number="513" hits="4" branch="False" />
                <line number="515" hits="6" branch="False" />
                <line number="516" hits="6" branch="False" />
                <line number="517" hits="6" branch="False" />
                <line number="519" hits="10" branch="False" />
              </lines>
            </method>
            <method name="getDate" signature="()" line-rate="1" branch-rate="1" complexity="6">
              <lines>
                <line number="524" hits="36" branch="False" />
                <line number="525" hits="36" branch="False" />
                <line number="526" hits="36" branch="False" />
                <line number="527" hits="36" branch="False" />
                <line number="528" hits="36" branch="False" />
                <line number="529" hits="36" branch="False" />
                <line number="530" hits="26424" branch="True" condition-coverage="100% (2/2)">
                  <conditions>
                    <condition number="123" type="jump" coverage="100%" />
                  </conditions>
                </line>
                <line number="531" hits="13176" branch="False" />
                <line number="532" hits="13176" branch="False" />
                <line number="533" hits="13176" branch="False" />
                <line number="534" hits="15518" branch="False" />
                <line number="535" hits="972" branch="True" condition-coverage="100% (2/2)">
                  <conditions>
                    <condition number="319" type="jump" coverage="100%" />
                  </conditions>
                </line>
                <line number="536" hits="432" branch="False" />
                <line number="537" hits="4752" branch="True" condition-coverage="100% (2/2)">
                  <conditions>
                    <condition number="294" type="jump" coverage="100%" />
                  </conditions>
                </line>
                <line number="538" hits="1728" branch="False" />
                <line number="539" hits="1728" branch="False" />
                <line number="540" hits="1728" branch="False" />
                <line number="541" hits="432" branch="False" />
                <line number="542" hits="36" branch="False" />
              </lines>
            </method>
            <method name="deleteAllDataFromSqlLite" signature="()" line-rate="1" branch-rate="1" complexity="1">
              <lines>
                <line number="545" hits="1" branch="False" />
                <line number="546" hits="1" branch="False" />
                <line number="547" hits="1" branch="False" />
                <line number="548" hits="1" branch="False" />
                <line number="549" hits="1" branch="False" />
                <line number="550" hits="1" branch="False" />
                <line number="551" hits="1" branch="False" />
                <line number="552" hits="1" branch="False" />
                <line number="553" hits="1" branch="False" />
                <line number="554" hits="1" branch="False" />
                <line number="555" hits="1" branch="False" />
                <line number="557" hits="1" branch="False" />
                <line number="558" hits="1" branch="False" />
                <line number="559" hits="1" branch="False" />
                <line number="560" hits="1" branch="False" />
                <line number="561" hits="1" branch="False" />
                <line number="562" hits="1" branch="False" />
                <line number="564" hits="1" branch="False" />
                <line number="565" hits="1" branch="False" />
              </lines>
            </method>
            <method name=".ctor" signature="()" line-rate="1" branch-rate="1" complexity="1">
              <lines>
                <line number="21" hits="86" branch="False" />
              </lines>
            </method>
          </methods>
          <lines>
            <line number="24" hits="162" branch="False" />
            <line number="25" hits="125" branch="False" />
            <line number="29" hits="78" branch="False" />
            <line number="30" hits="78" branch="False" />
            <line number="34" hits="133" branch="False" />
            <line number="35" hits="75" branch="False" />
            <line number="39" hits="242" branch="False" />
            <line number="40" hits="105" branch="False" />
            <line number="44" hits="96" branch="False" />
            <line number="45" hits="75" branch="False" />
            <line number="49" hits="13266" branch="False" />
            <line number="50" hits="83" branch="False" />
            <line number="54" hits="99" branch="False" />
            <line number="55" hits="73" branch="False" />
            <line number="58" hits="127" branch="False" />
            <line number="59" hits="77" branch="False" />
            <line number="63" hits="116" branch="False" />
            <line number="64" hits="78" branch="False" />
            <line number="68" hits="23" branch="False" />
            <line number="70" hits="23" branch="False" />
            <line number="71" hits="23" branch="False" />
            <line number="72" hits="23" branch="False" />
            <line number="73" hits="23" branch="False" />
            <line number="74" hits="23" branch="False" />
            <line number="75" hits="23" branch="False" />
            <line number="76" hits="23" branch="False" />
            <line number="77" hits="23" branch="False" />
            <line number="78" hits="23" branch="False" />
            <line number="79" hits="23" branch="False" />
            <line number="80" hits="23" branch="False" />
            <line number="81" hits="46" branch="True" condition-coverage="100% (2/2)">
              <conditions>
                <condition number="149" type="jump" coverage="100%" />
              </conditions>
            </line>
            <line number="82" hits="23" branch="False" />
            <line number="83" hits="23" branch="False" />
            <line number="84" hits="23" branch="False" />
            <line number="85" hits="23" branch="False" />
            <line number="86" hits="23" branch="False" />
            <line number="87" hits="23" branch="False" />
            <line number="88" hits="23" branch="False" />
            <line number="89" hits="23" branch="False" />
            <line number="90" hits="23" branch="False" />
            <line number="91" hits="23" branch="False" />
            <line number="92" hits="23" branch="False" />
            <line number="93" hits="23" branch="False" />
            <line number="94" hits="23" branch="False" />
            <line number="95" hits="23" branch="False" />
            <line number="96" hits="23" branch="False" />
            <line number="97" hits="23" branch="False" />
            <line number="98" hits="23" branch="False" />
            <line number="100" hits="23" branch="False" />
            <line number="103" hits="18" branch="False" />
            <line number="104" hits="18" branch="False" />
            <line number="105" hits="18" branch="False" />
            <line number="106" hits="18" branch="False" />
            <line number="108" hits="18" branch="False" />
            <line number="109" hits="18" branch="False" />
            <line number="110" hits="18" branch="False" />
            <line number="111" hits="18" branch="False" />
            <line number="112" hits="18" branch="False" />
            <line number="113" hits="18" branch="False" />
            <line number="114" hits="18" branch="False" />
            <line number="115" hits="18" branch="False" />
            <line number="116" hits="18" branch="False" />
            <line number="117" hits="18" branch="False" />
            <line number="118" hits="18" branch="False" />
            <line number="120" hits="18" branch="False" />
            <line number="121" hits="18" branch="False" />
            <line number="122" hits="36" branch="True" condition-coverage="100% (2/2)">
              <conditions>
                <condition number="224" type="jump" coverage="100%" />
              </conditions>
            </line>
            <line number="123" hits="18" branch="False" />
            <line number="124" hits="18" branch="False" />
            <line number="125" hits="18" branch="False" />
            <line number="126" hits="18" branch="False" />
            <line number="127" hits="18" branch="False" />
            <line number="128" hits="18" branch="False" />
            <line number="129" hits="18" branch="False" />
            <line number="130" hits="18" branch="False" />
            <line number="131" hits="18" branch="False" />
            <line number="132" hits="18" branch="False" />
            <line number="133" hits="18" branch="False" />
            <line number="134" hits="18" branch="False" />
            <line number="135" hits="18" branch="False" />
            <line number="136" hits="18" branch="False" />
            <line number="137" hits="18" branch="False" />
            <line number="141" hits="27" branch="False" />
            <line number="142" hits="27" branch="False" />
            <line number="143" hits="27" branch="False" />
            <line number="144" hits="27" branch="False" />
            <line number="145" hits="27" branch="False" />
            <line number="146" hits="27" branch="False" />
            <line number="147" hits="27" branch="False" />
            <line number="148" hits="27" branch="False" />
            <line number="149" hits="27" branch="False" />
            <line number="150" hits="27" branch="False" />
            <line number="151" hits="27" branch="False" />
            <line number="152" hits="27" branch="False" />
            <line number="153" hits="27" branch="False" />
            <line number="154" hits="27" branch="False" />
            <line number="156" hits="27" branch="False" />
            <line number="157" hits="27" branch="False" />
            <line number="158" hits="54" branch="True" condition-coverage="100% (2/2)">
              <conditions>
                <condition number="201" type="jump" coverage="100%" />
              </conditions>
            </line>
            <line number="159" hits="27" branch="False" />
            <line number="160" hits="27" branch="False" />
            <line number="161" hits="27" branch="False" />
            <line number="162" hits="27" branch="False" />
            <line number="163" hits="27" branch="False" />
            <line number="164" hits="27" branch="False" />
            <line number="165" hits="27" branch="False" />
            <line number="166" hits="27" branch="False" />
            <line number="167" hits="27" branch="False" />
            <line number="168" hits="27" branch="False" />
            <line number="169" hits="27" branch="False" />
            <line number="170" hits="27" branch="False" />
            <line number="171" hits="27" branch="False" />
            <line number="172" hits="27" branch="False" />
            <line number="173" hits="27" branch="False" />
            <line number="177" hits="30" branch="False" />
            <line number="179" hits="30" branch="False" />
            <line number="180" hits="30" branch="False" />
            <line number="182" hits="30" branch="False" />
            <line number="183" hits="30" branch="False" />
            <line number="184" hits="30" branch="False" />
            <line number="186" hits="30" branch="False" />
            <line number="187" hits="30" branch="False" />
            <line number="188" hits="30" branch="False" />
            <line number="189" hits="30" branch="False" />
            <line number="190" hits="30" branch="False" />
            <line number="191" hits="30" branch="False" />
            <line number="192" hits="30" branch="False" />
            <line number="193" hits="30" branch="False" />
            <line number="194" hits="30" branch="False" />
            <line number="195" hits="30" branch="False" />
            <line number="197" hits="30" branch="False" />
            <line number="198" hits="30" branch="True" condition-coverage="100% (2/2)">
              <conditions>
                <condition number="148" type="jump" coverage="100%" />
              </conditions>
            </line>
            <line number="199" hits="30" branch="False" />
            <line number="200" hits="30" branch="False" />
            <line number="201" hits="30" branch="False" />
            <line number="202" hits="30" branch="False" />
            <line number="203" hits="30" branch="False" />
            <line number="204" hits="30" branch="False" />
            <line number="205" hits="30" branch="False" />
            <line number="206" hits="30" branch="False" />
            <line number="207" hits="30" branch="False" />
            <line number="208" hits="30" branch="False" />
            <line number="209" hits="30" branch="False" />
            <line number="210" hits="30" branch="False" />
            <line number="211" hits="30" branch="False" />
            <line number="212" hits="30" branch="False" />
            <line number="214" hits="30" branch="False" />
            <line number="217" hits="3" branch="False" />
            <line number="218" hits="3" branch="True" condition-coverage="50% (1/2)">
              <conditions>
                <condition number="17" type="jump" coverage="50%" />
              </conditions>
            </line>
            <line number="219" hits="3" branch="False" />
            <line number="220" hits="3" branch="False" />
            <line number="221" hits="3" branch="False" />
            <line number="222" hits="3" branch="False" />
            <line number="223" hits="3" branch="False" />
            <line number="224" hits="3" branch="False" />
            <line number="225" hits="3" branch="False" />
            <line number="226" hits="3" branch="False" />
            <line number="227" hits="3" branch="False" />
            <line number="228" hits="3" branch="False" />
            <line number="229" hits="3" branch="False" />
            <line number="230" hits="3" branch="False" />
            <line number="231" hits="3" branch="False" />
            <line number="232" hits="3" branch="False" />
            <line number="233" hits="3" branch="False" />
            <line number="234" hits="3" branch="False" />
            <line number="235" hits="3" branch="False" />
            <line number="236" hits="3" branch="False" />
            <line number="238" hits="3" branch="False" />
            <line number="239" hits="3" branch="False" />
            <line number="240" hits="0" branch="True" condition-coverage="50% (1/2)">
              <conditions>
                <condition number="203" type="jump" coverage="50%" />
              </conditions>
            </line>
            <line number="241" hits="0" branch="False" />
            <line number="242" hits="0" branch="False" />
            <line number="243" hits="0" branch="False" />
            <line number="244" hits="0" branch="False" />
            <line number="245" hits="0" branch="False" />
            <line number="246" hits="0" branch="False" />
            <line number="247" hits="0" branch="False" />
            <line number="248" hits="0" branch="False" />
            <line number="249" hits="0" branch="False" />
            <line number="250" hits="0" branch="False" />
            <line number="251" hits="0" branch="True" condition-coverage="0% (0/2)">
              <conditions>
                <condition number="339" type="jump" coverage="0%" />
              </conditions>
            </line>
            <line number="252" hits="0" branch="False" />
            <line number="253" hits="0" branch="False" />
            <line number="254" hits="0" branch="False" />
            <line number="255" hits="0" branch="False" />
            <line number="256" hits="0" branch="False" />
            <line number="257" hits="0" branch="False" />
            <line number="258" hits="0" branch="False" />
            <line number="259" hits="0" branch="False" />
            <line number="260" hits="0" branch="False" />
            <line number="261" hits="0" branch="False" />
            <line number="262" hits="0" branch="False" />
            <line number="263" hits="0" branch="False" />
            <line number="264" hits="0" branch="False" />
            <line number="265" hits="0" branch="False" />
            <line number="266" hits="0" branch="False" />
            <line number="267" hits="0" branch="False" />
            <line number="268" hits="0" branch="False" />
            <line number="269" hits="0" branch="False" />
            <line number="270" hits="0" branch="False" />
            <line number="271" hits="0" branch="False" />
            <line number="272" hits="0" branch="False" />
            <line number="274" hits="0" branch="False" />
            <line number="275" hits="0" branch="False" />
            <line number="277" hits="3" branch="False" />
            <line number="281" hits="1" branch="False" />
            <line number="282" hits="1" branch="False" />
            <line number="283" hits="1" branch="False" />
            <line number="284" hits="1" branch="False" />
            <line number="285" hits="1" branch="False" />
            <line number="286" hits="1" branch="False" />
            <line number="287" hits="1" branch="False" />
            <line number="288" hits="1" branch="False" />
            <line number="290" hits="1" branch="False" />
            <line number="291" hits="1" branch="False" />
            <line number="292" hits="2" branch="True" condition-coverage="100% (2/2)">
              <conditions>
                <condition number="118" type="jump" coverage="100%" />
              </conditions>
            </line>
            <line number="293" hits="1" branch="False" />
            <line number="294" hits="1" branch="False" />
            <line number="295" hits="1" branch="False" />
            <line number="296" hits="1" branch="False" />
            <line number="297" hits="1" branch="True" condition-coverage="50% (1/2)">
              <conditions>
                <condition number="149" type="jump" coverage="50%" />
              </conditions>
            </line>
            <line number="298" hits="0" branch="False" />
            <line number="299" hits="0" branch="False" />
            <line number="302" hits="1" branch="False" />
            <line number="303" hits="1" branch="False" />
            <line number="304" hits="1" branch="False" />
            <line number="305" hits="1" branch="False" />
            <line number="306" hits="1" branch="False" />
            <line number="307" hits="1" branch="False" />
            <line number="308" hits="1" branch="False" />
            <line number="309" hits="1" branch="False" />
            <line number="310" hits="1" branch="False" />
            <line number="311" hits="1" branch="False" />
            <line number="312" hits="1" branch="False" />
            <line number="313" hits="1" branch="False" />
            <line number="314" hits="1" branch="False" />
            <line number="315" hits="1" branch="True" condition-coverage="50% (1/2)">
              <conditions>
                <condition number="224" type="jump" coverage="50%" />
              </conditions>
            </line>
            <line number="316" hits="0" branch="False" />
            <line number="317" hits="0" branch="False" />
            <line number="319" hits="1" branch="False" />
            <line number="320" hits="1" branch="False" />
            <line number="323" hits="1" branch="False" />
            <line number="327" hits="1" branch="False" />
            <line number="328" hits="1" branch="False" />
            <line number="329" hits="1" branch="False" />
            <line number="330" hits="1" branch="False" />
            <line number="331" hits="1" branch="False" />
            <line number="332" hits="1" branch="False" />
            <line number="333" hits="1" branch="False" />
            <line number="334" hits="1" branch="False" />
            <line number="335" hits="1" branch="False" />
            <line number="336" hits="1" branch="False" />
            <line number="337" hits="1" branch="False" />
            <line number="338" hits="1" branch="False" />
            <line number="339" hits="1" branch="True" condition-coverage="50% (1/2)">
              <conditions>
                <condition number="78" type="jump" coverage="50%" />
              </conditions>
            </line>
            <line number="340" hits="0" branch="False" />
            <line number="341" hits="0" branch="False" />
            <line number="343" hits="1" branch="False" />
            <line number="344" hits="1" branch="False" />
            <line number="346" hits="1" branch="False" />
            <line number="350" hits="36" branch="False" />
            <line number="351" hits="36" branch="False" />
            <line number="352" hits="36" branch="False" />
            <line number="354" hits="36" branch="False" />
            <line number="355" hits="36" branch="False" />
            <line number="356" hits="36" branch="False" />
            <line number="357" hits="36" branch="False" />
            <line number="359" hits="36" branch="False" />
            <line number="360" hits="36" branch="False" />
            <line number="361" hits="36" branch="False" />
            <line number="362" hits="36" branch="False" />
            <line number="363" hits="36" branch="False" />
            <line number="364" hits="36" branch="False" />
            <line number="365" hits="36" branch="False" />
            <line number="366" hits="36" branch="False" />
            <line number="367" hits="36" branch="False" />
            <line number="368" hits="36" branch="False" />
            <line number="369" hits="36" branch="False" />
            <line number="370" hits="248" branch="True" condition-coverage="100% (2/2)">
              <conditions>
                <condition number="133" type="jump" coverage="100%" />
              </conditions>
            </line>
            <line number="371" hits="212" branch="False" />
            <line number="372" hits="212" branch="False" />
            <line number="373" hits="212" branch="False" />
            <line number="374" hits="36" branch="False" />
            <line number="375" hits="36" branch="False" />
            <line number="376" hits="36" branch="False" />
            <line number="377" hits="36" branch="False" />
            <line number="378" hits="36" branch="False" />
            <line number="382" hits="28" branch="False" />
            <line number="384" hits="28" branch="False" />
            <line number="385" hits="28" branch="False" />
            <line number="386" hits="28" branch="False" />
            <line number="387" hits="28" branch="True" condition-coverage="100% (4/4)">
              <conditions>
                <condition number="28" type="switch" coverage="100%" />
              </conditions>
            </line>
            <line number="390" hits="23" branch="False" />
            <line number="391" hits="23" branch="False" />
            <line number="392" hits="23" branch="False" />
            <line number="393" hits="23" branch="False" />
            <line number="394" hits="23" branch="False" />
            <line number="396" hits="4" branch="False" />
            <line number="397" hits="4" branch="False" />
            <line number="398" hits="4" branch="False" />
            <line number="399" hits="4" branch="False" />
            <line number="400" hits="4" branch="False" />
            <line number="402" hits="1" branch="False" />
            <line number="403" hits="1" branch="False" />
            <line number="404" hits="1" branch="False" />
            <line number="405" hits="1" branch="False" />
            <line number="406" hits="1" branch="False" />
            <line number="409" hits="28" branch="False" />
            <line number="410" hits="28" branch="False" />
            <line number="411" hits="28" branch="False" />
            <line number="413" hits="28" branch="False" />
            <line number="414" hits="28" branch="False" />
            <line number="415" hits="28" branch="False" />
            <line number="416" hits="28" branch="False" />
            <line number="417" hits="28" branch="False" />
            <line number="418" hits="28" branch="False" />
            <line number="419" hits="28" branch="False" />
            <line number="420" hits="28" branch="False" />
            <line number="422" hits="28" branch="False" />
            <line number="423" hits="28" branch="False" />
            <line number="424" hits="28" branch="False" />
            <line number="425" hits="28" branch="True" condition-coverage="50% (1/2)">
              <conditions>
                <condition number="345" type="jump" coverage="50%" />
              </conditions>
            </line>
            <line number="426" hits="0" branch="False" />
            <line number="427" hits="0" branch="False" />
            <line number="428" hits="0" branch="False" />
            <line number="429" hits="28" branch="False" />
            <line number="430" hits="28" branch="False" />
            <line number="431" hits="28" branch="False" />
            <line number="432" hits="28" branch="False" />
            <line number="434" hits="28" branch="False" />
            <line number="438" hits="60" branch="False" />
            <line number="439" hits="60" branch="False" />
            <line number="440" hits="60" branch="False" />
            <line number="441" hits="60" branch="False" />
            <line number="443" hits="60" branch="False" />
            <line number="444" hits="60" branch="False" />
            <line number="445" hits="60" branch="False" />
            <line number="446" hits="60" branch="False" />
            <line number="447" hits="60" branch="False" />
            <line number="448" hits="60" branch="False" />
            <line number="449" hits="60" branch="False" />
            <line number="450" hits="60" branch="False" />
            <line number="451" hits="60" branch="False" />
            <line number="452" hits="60" branch="False" />
            <line number="453" hits="60" branch="False" />
            <line number="454" hits="60" branch="False" />
            <line number="455" hits="60" branch="True" condition-coverage="100% (2/2)">
              <conditions>
                <condition number="110" type="jump" coverage="100%" />
              </conditions>
            </line>
            <line number="456" hits="15" branch="False" />
            <line number="457" hits="15" branch="False" />
            <line number="459" hits="45" branch="False" />
            <line number="460" hits="45" branch="False" />
            <line number="461" hits="45" branch="False" />
            <line number="463" hits="60" branch="False" />
            <line number="467" hits="5" branch="False" />
            <line number="468" hits="5" branch="False" />
            <line number="469" hits="5" branch="False" />
            <line number="470" hits="5" branch="False" />
            <line number="472" hits="5" branch="False" />
            <line number="473" hits="5" branch="False" />
            <line number="474" hits="5" branch="False" />
            <line number="475" hits="5" branch="False" />
            <line number="476" hits="5" branch="False" />
            <line number="477" hits="5" branch="False" />
            <line number="478" hits="5" branch="False" />
            <line number="479" hits="5" branch="False" />
            <line number="480" hits="5" branch="False" />
            <line number="481" hits="5" branch="False" />
            <line number="482" hits="5" branch="False" />
            <line number="483" hits="5" branch="False" />
            <line number="484" hits="5" branch="True" condition-coverage="100% (2/2)">
              <conditions>
                <condition number="106" type="jump" coverage="100%" />
              </conditions>
            </line>
            <line number="485" hits="4" branch="False" />
            <line number="486" hits="4" branch="False" />
            <line number="488" hits="1" branch="False" />
            <line number="489" hits="1" branch="False" />
            <line number="490" hits="1" branch="False" />
            <line number="492" hits="5" branch="False" />
            <line number="495" hits="10" branch="False" />
            <line number="496" hits="10" branch="False" />
            <line number="497" hits="10" branch="False" />
            <line number="498" hits="10" branch="False" />
            <line number="500" hits="10" branch="False" />
            <line number="501" hits="10" branch="False" />
            <line number="502" hits="10" branch="False" />
            <line number="503" hits="10" branch="False" />
            <line number="504" hits="10" branch="False" />
            <line number="505" hits="10" branch="False" />
            <line number="506" hits="10" branch="False" />
            <line number="507" hits="10" branch="False" />
            <line number="508" hits="10" branch="False" />
            <line number="509" hits="10" branch="False" />
            <line number="510" hits="10" branch="False" />
            <line number="511" hits="10" branch="True" condition-coverage="100% (2/2)">
              <conditions>
                <condition number="87" type="jump" coverage="100%" />
              </conditions>
            </line>
            <line number="512" hits="4" branch="False" />
            <line number="513" hits="4" branch="False" />
            <line number="515" hits="6" branch="False" />
            <line number="516" hits="6" branch="False" />
            <line number="517" hits="6" branch="False" />
            <line number="519" hits="10" branch="False" />
            <line number="524" hits="36" branch="False" />
            <line number="525" hits="36" branch="False" />
            <line number="526" hits="36" branch="False" />
            <line number="527" hits="36" branch="False" />
            <line number="528" hits="36" branch="False" />
            <line number="529" hits="36" branch="False" />
            <line number="530" hits="26424" branch="True" condition-coverage="100% (2/2)">
              <conditions>
                <condition number="123" type="jump" coverage="100%" />
              </conditions>
            </line>
            <line number="531" hits="13176" branch="False" />
            <line number="532" hits="13176" branch="False" />
            <line number="533" hits="13176" branch="False" />
            <line number="534" hits="15518" branch="False" />
            <line number="535" hits="972" branch="True" condition-coverage="100% (2/2)">
              <conditions>
                <condition number="319" type="jump" coverage="100%" />
              </conditions>
            </line>
            <line number="536" hits="432" branch="False" />
            <line number="537" hits="4752" branch="True" condition-coverage="100% (2/2)">
              <conditions>
                <condition number="294" type="jump" coverage="100%" />
              </conditions>
            </line>
            <line number="538" hits="1728" branch="False" />
            <line number="539" hits="1728" branch="False" />
            <line number="540" hits="1728" branch="False" />
            <line number="541" hits="432" branch="False" />
            <line number="542" hits="36" branch="False" />
            <line number="545" hits="1" branch="False" />
            <line number="546" hits="1" branch="False" />
            <line number="547" hits="1" branch="False" />
            <line number="548" hits="1" branch="False" />
            <line number="549" hits="1" branch="False" />
            <line number="550" hits="1" branch="False" />
            <line number="551" hits="1" branch="False" />
            <line number="552" hits="1" branch="False" />
            <line number="553" hits="1" branch="False" />
            <line number="554" hits="1" branch="False" />
            <line number="555" hits="1" branch="False" />
            <line number="557" hits="1" branch="False" />
            <line number="558" hits="1" branch="False" />
            <line number="559" hits="1" branch="False" />
            <line number="560" hits="1" branch="False" />
            <line number="561" hits="1" branch="False" />
            <line number="562" hits="1" branch="False" />
            <line number="564" hits="1" branch="False" />
            <line number="565" hits="1" branch="False" />
            <line number="21" hits="86" branch="False" />
          </lines>
        </class>
        <class name="AppointmentBot.DB" filename="DB.cs" line-rate="0.9375" branch-rate="0.8332999999999999" complexity="6">
          <methods>
            <method name="GetConnectionString" signature="()" line-rate="0.9375" branch-rate="0.8332999999999999" complexity="6">
              <lines>
                <line number="8" hits="243" branch="False" />
                <line number="9" hits="243" branch="False" />
                <line number="10" hits="243" branch="False" />
                <line number="11" hits="243" branch="False" />
                <line number="12" hits="243" branch="False" />
                <line number="13" hits="2916" branch="True" condition-coverage="50% (1/2)">
                  <conditions>
                    <condition number="154" type="jump" coverage="50%" />
                  </conditions>
                </line>
                <line number="15" hits="972" branch="False" />
                <line number="16" hits="20898" branch="True" condition-coverage="100% (2/2)">
                  <conditions>
                    <condition number="95" type="jump" coverage="100%" />
                  </conditions>
                </line>
                <line number="17" hits="6318" branch="False" />
                <line number="18" hits="6318" branch="False" />
                <line number="19" hits="972" branch="False" />
                <line number="20" hits="1215" branch="True" condition-coverage="100% (2/2)">
                  <conditions>
                    <condition number="122" type="jump" coverage="100%" />
                  </conditions>
                </line>
                <line number="21" hits="243" branch="False" />
                <line number="23" hits="729" branch="False" />
                <line number="24" hits="0" branch="False" />
                <line number="25" hits="243" branch="False" />
              </lines>
            </method>
          </methods>
          <lines>
            <line number="8" hits="243" branch="False" />
            <line number="9" hits="243" branch="False" />
            <line number="10" hits="243" branch="False" />
            <line number="11" hits="243" branch="False" />
            <line number="12" hits="243" branch="False" />
            <line number="13" hits="2916" branch="True" condition-coverage="50% (1/2)">
              <conditions>
                <condition number="154" type="jump" coverage="50%" />
              </conditions>
            </line>
            <line number="15" hits="972" branch="False" />
            <line number="16" hits="20898" branch="True" condition-coverage="100% (2/2)">
              <conditions>
                <condition number="95" type="jump" coverage="100%" />
              </conditions>
            </line>
            <line number="17" hits="6318" branch="False" />
            <line number="18" hits="6318" branch="False" />
            <line number="19" hits="972" branch="False" />
            <line number="20" hits="1215" branch="True" condition-coverage="100% (2/2)">
              <conditions>
                <condition number="122" type="jump" coverage="100%" />
              </conditions>
            </line>
            <line number="21" hits="243" branch="False" />
            <line number="23" hits="729" branch="False" />
            <line number="24" hits="0" branch="False" />
            <line number="25" hits="243" branch="False" />
          </lines>
        </class>
        <class name="AppointmentBot.Session" filename="Session.cs" line-rate="0.8825" branch-rate="0.8755" complexity="210">
          <methods>
            <method name="OnMessage" signature="(System.String)" line-rate="0.8808" branch-rate="0.8755" complexity="209">
              <lines>
                <line number="32" hits="516" branch="False" />
                <line number="33" hits="516" branch="False" />
                <line number="34" hits="516" branch="False" />
                <line number="35" hits="516" branch="True" condition-coverage="100% (28/28)">
                  <conditions>
                    <condition number="19" type="switch" coverage="100%" />
                  </conditions>
                </line>
                <line number="38" hits="80" branch="False" />
                <line number="39" hits="80" branch="False" />
                <line number="40" hits="80" branch="False" />
                <line number="41" hits="80" branch="False" />
                <line number="43" hits="78" branch="False" />
                <line number="44" hits="78" branch="True" condition-coverage="100% (2/2)">
                  <conditions>
                    <condition number="212" type="jump" coverage="100%" />
                  </conditions>
                </line>
                <line number="45" hits="77" branch="False" />
                <line number="47" hits="77" branch="True" condition-coverage="100% (5/5)">
                  <conditions>
                    <condition number="234" type="switch" coverage="100%" />
                  </conditions>
                </line>
                <line number="50" hits="45" branch="False" />
                <line number="51" hits="45" branch="False" />
                <line number="52" hits="45" branch="False" />
                <line number="54" hits="8" branch="False" />
                <line number="55" hits="8" branch="False" />
                <line number="56" hits="8" branch="False" />
                <line number="58" hits="13" branch="False" />
                <line number="59" hits="13" branch="False" />
                <line number="60" hits="13" branch="False" />
                <line number="62" hits="10" branch="False" />
                <line number="63" hits="10" branch="False" />
                <line number="64" hits="10" branch="False" />
                <line number="66" hits="1" branch="False" />
                <line number="67" hits="1" branch="False" />
                <line number="69" hits="77" branch="False" />
                <line number="71" hits="1" branch="False" />
                <line number="72" hits="1" branch="False" />
                <line number="74" hits="1" branch="False" />
                <line number="75" hits="78" branch="False" />
                <line number="77" hits="13" branch="True" condition-coverage="100% (2/2)">
                  <conditions>
                    <condition number="395" type="jump" coverage="100%" />
                  </conditions>
                </line>
                <line number="78" hits="12" branch="False" />
                <line number="79" hits="12" branch="True" condition-coverage="100% (4/4)">
                  <conditions>
                    <condition number="413" type="jump" coverage="100%" />
                    <condition number="420" type="jump" coverage="100%" />
                  </conditions>
                </line>
                <line number="82" hits="2" branch="False" />
                <line number="83" hits="2" branch="False" />
                <line number="84" hits="2" branch="False" />
                <line number="86" hits="9" branch="False" />
                <line number="87" hits="9" branch="False" />
                <line number="88" hits="9" branch="False" />
                <line number="90" hits="1" branch="False" />
                <line number="91" hits="1" branch="False" />
                <line number="92" hits="1" branch="False" />
                <line number="94" hits="12" branch="False" />
                <line number="96" hits="1" branch="False" />
                <line number="97" hits="1" branch="False" />
                <line number="98" hits="1" branch="False" />
                <line number="99" hits="1" branch="False" />
                <line number="100" hits="13" branch="False" />
                <line number="102" hits="2" branch="False" />
                <line number="103" hits="2" branch="False" />
                <line number="104" hits="2" branch="True" condition-coverage="100% (2/2)">
                  <conditions>
                    <condition number="561" type="jump" coverage="100%" />
                  </conditions>
                </line>
                <line number="105" hits="1" branch="False" />
                <line number="106" hits="1" branch="False" />
                <line number="107" hits="1" branch="False" />
                <line number="108" hits="1" branch="False" />
                <line number="110" hits="1" branch="False" />
                <line number="112" hits="1" branch="False" />
                <line number="113" hits="1" branch="False" />
                <line number="114" hits="1" branch="False" />
                <line number="115" hits="1" branch="False" />
                <line number="116" hits="1" branch="False" />
                <line number="117" hits="2" branch="False" />
                <line number="119" hits="9" branch="False" />
                <line number="120" hits="9" branch="False" />
                <line number="121" hits="9" branch="True" condition-coverage="100% (2/2)">
                  <conditions>
                    <condition number="692" type="jump" coverage="100%" />
                  </conditions>
                </line>
                <line number="122" hits="1" branch="False" />
                <line number="123" hits="1" branch="False" />
                <line number="124" hits="1" branch="False" />
                <line number="125" hits="1" branch="False" />
                <line number="127" hits="8" branch="False" />
                <line number="129" hits="8" branch="False" />
                <line number="130" hits="8" branch="False" />
                <line number="131" hits="8" branch="False" />
                <line number="132" hits="8" branch="False" />
                <line number="133" hits="8" branch="False" />
                <line number="134" hits="9" branch="False" />
                <line number="136" hits="10" branch="True" condition-coverage="100% (2/2)">
                  <conditions>
                    <condition number="806" type="jump" coverage="100%" />
                  </conditions>
                </line>
                <line number="137" hits="9" branch="False" />
                <line number="138" hits="9" branch="False" />
                <line number="139" hits="9" branch="True" condition-coverage="100% (12/12)">
                  <conditions>
                    <condition number="837" type="jump" coverage="100%" />
                    <condition number="846" type="jump" coverage="100%" />
                    <condition number="855" type="jump" coverage="100%" />
                    <condition number="864" type="jump" coverage="100%" />
                    <condition number="873" type="jump" coverage="100%" />
                    <condition number="891" type="jump" coverage="100%" />
                  </conditions>
                </line>
                <line number="140" hits="8" branch="False" />
                <line number="142" hits="8" branch="False" />
                <line number="143" hits="8" branch="True" condition-coverage="50% (1/2)">
                  <conditions>
                    <condition number="932" type="jump" coverage="50%" />
                  </conditions>
                </line>
                <line number="144" hits="8" branch="False" />
                <line number="145" hits="8" branch="False" />
                <line number="146" hits="8" branch="False" />
                <line number="148" hits="0" branch="False" />
                <line number="149" hits="0" branch="False" />
                <line number="150" hits="0" branch="True" condition-coverage="0% (0/2)">
                  <conditions>
                    <condition number="1157" type="jump" coverage="0%" />
                  </conditions>
                </line>
                <line number="151" hits="0" branch="False" />
                <line number="152" hits="0" branch="False" />
                <line number="153" hits="0" branch="False" />
                <line number="154" hits="0" branch="False" />
                <line number="155" hits="0" branch="False" />
                <line number="156" hits="8" branch="False" />
                <line number="157" hits="8" branch="False" />
                <line number="159" hits="1" branch="False" />
                <line number="160" hits="1" branch="False" />
                <line number="161" hits="1" branch="False" />
                <line number="162" hits="9" branch="False" />
                <line number="164" hits="1" branch="False" />
                <line number="165" hits="1" branch="False" />
                <line number="166" hits="1" branch="False" />
                <line number="167" hits="10" branch="False" />
                <line number="169" hits="8" branch="True" condition-coverage="100% (2/2)">
                  <conditions>
                    <condition number="1242" type="jump" coverage="100%" />
                  </conditions>
                </line>
                <line number="170" hits="7" branch="False" />
[...]
              <conditions>
                <condition number="3540" type="jump" coverage="100%" />
              </conditions>
            </line>
            <line number="436" hits="4" branch="False" />
            <line number="438" hits="4" branch="False" />
            <line number="439" hits="4" branch="False" />
            <line number="440" hits="4" branch="False" />
            <line number="441" hits="4" branch="False" />
            <line number="442" hits="4" branch="False" />
            <line number="444" hits="41" branch="False" />
            <line number="446" hits="41" branch="False" />
            <line number="447" hits="41" branch="False" />
            <line number="448" hits="41" branch="False" />
            <line number="449" hits="45" branch="False" />
            <line number="451" hits="4" branch="True" condition-coverage="100% (2/2)">
              <conditions>
                <condition number="3639" type="jump" coverage="100%" />
              </conditions>
            </line>
            <line number="452" hits="3" branch="False" />
            <line number="453" hits="3" branch="True" condition-coverage="100% (4/4)">
              <conditions>
                <condition number="3657" type="jump" coverage="100%" />
                <condition number="3664" type="jump" coverage="100%" />
              </conditions>
            </line>
            <line number="456" hits="1" branch="False" />
            <line number="457" hits="1" branch="False" />
            <line number="458" hits="1" branch="False" />
            <line number="460" hits="1" branch="False" />
            <line number="461" hits="1" branch="False" />
            <line number="462" hits="1" branch="False" />
            <line number="464" hits="1" branch="False" />
            <line number="465" hits="1" branch="False" />
            <line number="466" hits="1" branch="False" />
            <line number="468" hits="3" branch="False" />
            <line number="470" hits="1" branch="False" />
            <line number="471" hits="1" branch="False" />
            <line number="472" hits="1" branch="False" />
            <line number="473" hits="1" branch="False" />
            <line number="474" hits="4" branch="False" />
            <line number="476" hits="41" branch="True" condition-coverage="100% (2/2)">
              <conditions>
                <condition number="3787" type="jump" coverage="100%" />
              </conditions>
            </line>
            <line number="477" hits="40" branch="False" />
            <line number="478" hits="40" branch="True" condition-coverage="100% (4/4)">
              <conditions>
                <condition number="3806" type="switch" coverage="100%" />
              </conditions>
            </line>
            <line number="481" hits="26" branch="False" />
            <line number="482" hits="26" branch="False" />
            <line number="483" hits="26" branch="False" />
            <line number="485" hits="9" branch="False" />
            <line number="486" hits="9" branch="False" />
            <line number="487" hits="9" branch="False" />
            <line number="489" hits="4" branch="False" />
            <line number="490" hits="4" branch="False" />
            <line number="491" hits="4" branch="False" />
            <line number="493" hits="1" branch="False" />
            <line number="494" hits="1" branch="False" />
            <line number="496" hits="40" branch="False" />
            <line number="498" hits="1" branch="False" />
            <line number="499" hits="1" branch="False" />
            <line number="500" hits="1" branch="False" />
            <line number="501" hits="41" branch="False" />
            <line number="503" hits="39" branch="True" condition-coverage="100% (2/2)">
              <conditions>
                <condition number="3943" type="jump" coverage="100%" />
              </conditions>
            </line>
            <line number="504" hits="36" branch="False" />
            <line number="505" hits="36" branch="True" condition-coverage="100% (4/4)">
              <conditions>
                <condition number="3965" type="switch" coverage="100%" />
              </conditions>
            </line>
            <line number="508" hits="25" branch="True" condition-coverage="100% (4/4)">
              <conditions>
                <condition number="3995" type="jump" coverage="100%" />
                <condition number="4016" type="jump" coverage="100%" />
              </conditions>
            </line>
            <line number="509" hits="23" branch="False" />
            <line number="510" hits="23" branch="False" />
            <line number="511" hits="23" branch="False" />
            <line number="512" hits="23" branch="False" />
            <line number="513" hits="23" branch="False" />
            <line number="514" hits="23" branch="False" />
            <line number="515" hits="2" branch="True" condition-coverage="100% (2/2)">
              <conditions>
                <condition number="4094" type="jump" coverage="100%" />
              </conditions>
            </line>
            <line number="516" hits="1" branch="False" />
            <line number="517" hits="1" branch="False" />
            <line number="518" hits="1" branch="False" />
            <line number="519" hits="1" branch="False" />
            <line number="520" hits="1" branch="False" />
            <line number="522" hits="1" branch="False" />
            <line number="523" hits="1" branch="False" />
            <line number="524" hits="1" branch="False" />
            <line number="525" hits="1" branch="False" />
            <line number="526" hits="1" branch="False" />
            <line number="527" hits="25" branch="False" />
            <line number="529" hits="8" branch="True" condition-coverage="100% (4/4)">
              <conditions>
                <condition number="4179" type="jump" coverage="100%" />
                <condition number="4200" type="jump" coverage="100%" />
              </conditions>
            </line>
            <line number="530" hits="6" branch="False" />
            <line number="531" hits="6" branch="False" />
            <line number="532" hits="6" branch="False" />
            <line number="533" hits="6" branch="False" />
            <line number="534" hits="6" branch="False" />
            <line number="535" hits="6" branch="False" />
            <line number="536" hits="2" branch="True" condition-coverage="100% (2/2)">
              <conditions>
                <condition number="4275" type="jump" coverage="100%" />
              </conditions>
            </line>
            <line number="537" hits="1" branch="False" />
            <line number="538" hits="1" branch="False" />
            <line number="539" hits="1" branch="False" />
            <line number="540" hits="1" branch="False" />
            <line number="541" hits="1" branch="False" />
            <line number="543" hits="1" branch="False" />
            <line number="544" hits="1" branch="False" />
            <line number="545" hits="1" branch="False" />
            <line number="546" hits="1" branch="False" />
            <line number="547" hits="1" branch="False" />
            <line number="548" hits="8" branch="False" />
            <line number="550" hits="3" branch="True" condition-coverage="100% (4/4)">
              <conditions>
                <condition number="4360" type="jump" coverage="100%" />
                <condition number="4381" type="jump" coverage="100%" />
              </conditions>
            </line>
            <line number="551" hits="1" branch="False" />
            <line number="552" hits="1" branch="False" />
            <line number="553" hits="1" branch="False" />
            <line number="554" hits="1" branch="False" />
            <line number="555" hits="1" branch="False" />
            <line number="556" hits="1" branch="False" />
            <line number="557" hits="2" branch="True" condition-coverage="100% (2/2)">
              <conditions>
                <condition number="4456" type="jump" coverage="100%" />
              </conditions>
            </line>
            <line number="558" hits="1" branch="False" />
            <line number="559" hits="1" branch="False" />
            <line number="560" hits="1" branch="False" />
            <line number="561" hits="1" branch="False" />
            <line number="563" hits="1" branch="False" />
            <line number="564" hits="1" branch="False" />
            <line number="565" hits="1" branch="False" />
            <line number="566" hits="1" branch="False" />
            <line number="567" hits="1" branch="False" />
            <line number="568" hits="3" branch="False" />
            <line number="570" hits="36" branch="False" />
            <line number="572" hits="3" branch="False" />
            <line number="573" hits="3" branch="False" />
            <line number="574" hits="3" branch="False" />
            <line number="575" hits="39" branch="False" />
            <line number="577" hits="30" branch="False" />
            <line number="579" hits="30" branch="False" />
            <line number="580" hits="30" branch="False" />
            <line number="581" hits="30" branch="False" />
            <line number="583" hits="30" branch="True" condition-coverage="100% (2/2)">
              <conditions>
                <condition number="4593" type="jump" coverage="100%" />
              </conditions>
            </line>
            <line number="584" hits="29" branch="False" />
            <line number="585" hits="29" branch="False" />
            <line number="586" hits="29" branch="True" condition-coverage="100% (12/12)">
              <conditions>
                <condition number="4624" type="jump" coverage="100%" />
                <condition number="4633" type="jump" coverage="100%" />
                <condition number="4642" type="jump" coverage="100%" />
                <condition number="4651" type="jump" coverage="100%" />
                <condition number="4660" type="jump" coverage="100%" />
                <condition number="4678" type="jump" coverage="100%" />
              </conditions>
            </line>
            <line number="587" hits="28" branch="False" />
            <line number="589" hits="28" branch="False" />
            <line number="590" hits="28" branch="True" condition-coverage="50% (1/2)">
              <conditions>
                <condition number="4719" type="jump" coverage="50%" />
              </conditions>
            </line>
            <line number="591" hits="28" branch="False" />
            <line number="592" hits="28" branch="False" />
            <line number="593" hits="28" branch="False" />
            <line number="594" hits="0" branch="True" condition-coverage="0% (0/2)">
              <conditions>
                <condition number="4859" type="jump" coverage="0%" />
              </conditions>
            </line>
            <line number="595" hits="0" branch="False" />
            <line number="596" hits="0" branch="False" />
            <line number="597" hits="0" branch="False" />
            <line number="598" hits="0" branch="False" />
            <line number="599" hits="0" branch="False" />
            <line number="601" hits="0" branch="False" />
            <line number="602" hits="0" branch="False" />
            <line number="603" hits="0" branch="True" condition-coverage="0% (0/2)">
              <conditions>
                <condition number="5006" type="jump" coverage="0%" />
              </conditions>
            </line>
            <line number="604" hits="0" branch="False" />
            <line number="605" hits="0" branch="False" />
            <line number="606" hits="0" branch="False" />
            <line number="607" hits="0" branch="False" />
            <line number="608" hits="0" branch="False" />
            <line number="609" hits="28" branch="False" />
            <line number="610" hits="28" branch="False" />
            <line number="612" hits="1" branch="False" />
            <line number="613" hits="1" branch="False" />
            <line number="614" hits="1" branch="False" />
            <line number="615" hits="29" branch="False" />
            <line number="617" hits="1" branch="False" />
            <line number="618" hits="1" branch="False" />
            <line number="619" hits="1" branch="False" />
            <line number="620" hits="30" branch="False" />
            <line number="622" hits="28" branch="True" condition-coverage="100% (2/2)">
              <conditions>
                <condition number="5091" type="jump" coverage="100%" />
              </conditions>
            </line>
            <line number="623" hits="27" branch="False" />
            <line number="624" hits="27" branch="True" condition-coverage="50% (1/2)">
              <conditions>
                <condition number="5115" type="jump" coverage="50%" />
              </conditions>
            </line>
            <line number="625" hits="27" branch="False" />
            <line number="626" hits="27" branch="True" condition-coverage="100% (5/5)">
              <conditions>
                <condition number="5137" type="switch" coverage="100%" />
              </conditions>
            </line>
            <line number="629" hits="23" branch="False" />
            <line number="630" hits="23" branch="False" />
            <line number="631" hits="23" branch="False" />
            <line number="632" hits="23" branch="False" />
            <line number="634" hits="1" branch="False" />
            <line number="635" hits="1" branch="False" />
            <line number="636" hits="1" branch="False" />
            <line number="637" hits="1" branch="False" />
            <line number="639" hits="1" branch="False" />
            <line number="640" hits="1" branch="False" />
            <line number="641" hits="1" branch="False" />
            <line number="642" hits="1" branch="False" />
            <line number="644" hits="1" branch="False" />
            <line number="645" hits="1" branch="False" />
            <line number="646" hits="1" branch="False" />
            <line number="647" hits="1" branch="False" />
            <line number="649" hits="1" branch="False" />
            <line number="650" hits="1" branch="False" />
            <line number="652" hits="27" branch="False" />
            <line number="654" hits="0" branch="False" />
            <line number="655" hits="0" branch="True" condition-coverage="0% (0/4)">
              <conditions>
                <condition number="5482" type="jump" coverage="0%" />
                <condition number="5512" type="jump" coverage="0%" />
              </conditions>
            </line>
            <line number="656" hits="0" branch="False" />
            <line number="657" hits="0" branch="False" />
            <line number="658" hits="0" branch="False" />
            <line number="659" hits="0" branch="False" />
            <line number="660" hits="0" branch="False" />
            <line number="662" hits="0" branch="False" />
            <line number="663" hits="0" branch="False" />
            <line number="664" hits="0" branch="True" condition-coverage="0% (0/2)">
              <conditions>
                <condition number="5676" type="jump" coverage="0%" />
              </conditions>
            </line>
            <line number="665" hits="0" branch="False" />
            <line number="666" hits="0" branch="False" />
            <line number="667" hits="0" branch="False" />
            <line number="668" hits="0" branch="False" />
            <line number="669" hits="0" branch="False" />
            <line number="670" hits="0" branch="False" />
            <line number="671" hits="27" branch="False" />
            <line number="673" hits="1" branch="False" />
            <line number="674" hits="1" branch="False" />
            <line number="675" hits="1" branch="False" />
            <line number="676" hits="28" branch="False" />
            <line number="678" hits="26" branch="True" condition-coverage="100% (2/2)">
              <conditions>
                <condition number="5835" type="jump" coverage="100%" />
              </conditions>
            </line>
            <line number="679" hits="25" branch="False" />
            <line number="680" hits="25" branch="True" condition-coverage="100% (6/6)">
              <conditions>
                <condition number="5848" type="jump" coverage="100%" />
                <condition number="5857" type="jump" coverage="100%" />
                <condition number="5875" type="jump" coverage="100%" />
              </conditions>
            </line>
            <line number="681" hits="24" branch="False" />
            <line number="683" hits="24" branch="False" />
            <line number="684" hits="24" branch="True" condition-coverage="50% (1/2)">
              <conditions>
                <condition number="5922" type="jump" coverage="50%" />
              </conditions>
            </line>
            <line number="685" hits="24" branch="False" />
            <line number="686" hits="24" branch="False" />
            <line number="687" hits="24" branch="False" />
            <line number="688" hits="24" branch="False" />
            <line number="689" hits="24" branch="False" />
            <line number="690" hits="24" branch="False" />
            <line number="692" hits="0" branch="False" />
            <line number="693" hits="0" branch="False" />
            <line number="694" hits="0" branch="False" />
            <line number="695" hits="0" branch="False" />
            <line number="696" hits="24" branch="False" />
            <line number="698" hits="1" branch="False" />
            <line number="699" hits="1" branch="False" />
            <line number="700" hits="1" branch="False" />
            <line number="701" hits="25" branch="False" />
            <line number="703" hits="1" branch="False" />
            <line number="704" hits="1" branch="False" />
            <line number="705" hits="1" branch="False" />
            <line number="706" hits="26" branch="False" />
            <line number="708" hits="24" branch="True" condition-coverage="100% (2/2)">
              <conditions>
                <condition number="6179" type="jump" coverage="100%" />
              </conditions>
            </line>
            <line number="709" hits="23" branch="False" />
            <line number="711" hits="23" branch="False" />
            <line number="712" hits="23" branch="False" />
            <line number="713" hits="23" branch="False" />
            <line number="714" hits="23" branch="False" />
            <line number="716" hits="1" branch="False" />
            <line number="717" hits="1" branch="False" />
            <line number="718" hits="1" branch="False" />
            <line number="719" hits="1" branch="False" />
            <line number="720" hits="24" branch="False" />
            <line number="722" hits="516" branch="False" />
            <line number="723" hits="666" branch="False" />
            <line number="724" hits="666" branch="False" />
            <line number="725" hits="1182" branch="False" />
            <line number="726" hits="516" branch="False" />
            <line number="727" hits="516" branch="False" />
            <line number="8" hits="560" branch="False" />
            <line number="9" hits="80" branch="False" />
            <line number="10" hits="80" branch="False" />
            <line number="23" hits="80" branch="False" />
            <line number="26" hits="160" branch="False" />
            <line number="27" hits="80" branch="False" />
            <line number="28" hits="80" branch="False" />
            <line number="29" hits="80" branch="False" />
          </lines>
        </class>
      </classes>
    </package>
  </packages>
</coverage>